[2018-02-26 12:06:08] 用户登录：0001
[2018-02-26 12:06:08] 登录成功
[2018-02-26 12:06:08] 登录页--->主页面
[2018-02-26 12:08:45] System.InvalidOperationException: 队列为空。
   在 System.Collections.Queue.Dequeue()
   在 System.Collections.Queue.SynchronizedQueue.Dequeue()
   在 MachineFill.FillForm.timer2_Tick(Object sender, EventArgs e) 位置 D:\文件管理\SoftProjects\vs2010\Projects\快速发药机程序\BuYao\MachineFill\FillForm.cs:行号 138
[2018-02-26 12:08:45] 指令发送失败，错误代码：System.Net.Sockets.SocketException: 由于套接字没有连接并且(当使用一个 sendto 调用发送数据报套接字时)没有提供地址，发送或接收数据的请求没有被接受。
   在 System.Net.Sockets.Socket.Send(Byte[] buffer, Int32 offset, Int32 size, SocketFlags socketFlags)
   在 System.Net.Sockets.Socket.Send(Byte[] buffer)
   在 MachineFill.MachineFill.sendMsg(String msg) 位置 D:\文件管理\SoftProjects\vs2010\Projects\快速发药机程序\BuYao\MachineFill\MachineFill.cs:行号 1347
[2018-02-26 12:08:45] System.InvalidOperationException: 队列为空。
   在 System.Collections.Queue.Dequeue()
   在 System.Collections.Queue.SynchronizedQueue.Dequeue()
   在 MachineFill.FillForm.timer2_Tick(Object sender, EventArgs e) 位置 D:\文件管理\SoftProjects\vs2010\Projects\快速发药机程序\BuYao\MachineFill\FillForm.cs:行号 138
[2018-02-26 12:08:46] System.InvalidOperationException: 队列为空。
   在 System.Collections.Queue.Dequeue()
   在 System.Collections.Queue.SynchronizedQueue.Dequeue()
   在 MachineFill.FillForm.timer2_Tick(Object sender, EventArgs e) 位置 D:\文件管理\SoftProjects\vs2010\Projects\快速发药机程序\BuYao\MachineFill\FillForm.cs:行号 138
[2018-02-26 12:08:47] System.InvalidOperationException: 队列为空。
   在 System.Collections.Queue.Dequeue()
   在 System.Collections.Queue.SynchronizedQueue.Dequeue()
   在 MachineFill.FillForm.timer2_Tick(Object sender, EventArgs e) 位置 D:\文件管理\SoftProjects\vs2010\Projects\快速发药机程序\BuYao\MachineFill\FillForm.cs:行号 138
[2018-02-26 12:08:47] System.InvalidOperationException: 队列为空。
   在 System.Collections.Queue.Dequeue()
   在 System.Collections.Queue.SynchronizedQueue.Dequeue()
   在 MachineFill.FillForm.timer2_Tick(Object sender, EventArgs e) 位置 D:\文件管理\SoftProjects\vs2010\Projects\快速发药机程序\BuYao\MachineFill\FillForm.cs:行号 138
[2018-02-26 12:08:48] System.InvalidOperationException: 队列为空。
   在 System.Collections.Queue.Dequeue()
   在 System.Collections.Queue.SynchronizedQueue.Dequeue()
   在 MachineFill.FillForm.timer2_Tick(Object sender, EventArgs e) 位置 D:\文件管理\SoftProjects\vs2010\Projects\快速发药机程序\BuYao\MachineFill\FillForm.cs:行号 138
[2018-02-26 12:08:48] System.InvalidOperationException: 队列为空。
   在 System.Collections.Queue.Dequeue()
   在 System.Collections.Queue.SynchronizedQueue.Dequeue()
   在 MachineFill.FillForm.timer2_Tick(Object sender, EventArgs e) 位置 D:\文件管理\SoftProjects\vs2010\Projects\快速发药机程序\BuYao\MachineFill\FillForm.cs:行号 138
[2018-02-26 12:08:49] System.InvalidOperationException: 队列为空。
   在 System.Collections.Queue.Dequeue()
   在 System.Collections.Queue.SynchronizedQueue.Dequeue()
   在 MachineFill.FillForm.timer2_Tick(Object sender, EventArgs e) 位置 D:\文件管理\SoftProjects\vs2010\Projects\快速发药机程序\BuYao\MachineFill\FillForm.cs:行号 138
[2018-02-26 12:08:49] System.InvalidOperationException: 队列为空。
   在 System.Collections.Queue.Dequeue()
   在 System.Collections.Queue.SynchronizedQueue.Dequeue()
   在 MachineFill.FillForm.timer2_Tick(Object sender, EventArgs e) 位置 D:\文件管理\SoftProjects\vs2010\Projects\快速发药机程序\BuYao\MachineFill\FillForm.cs:行号 138
[2018-02-26 12:08:50] System.InvalidOperationException: 队列为空。
   在 System.Collections.Queue.Dequeue()
   在 System.Collections.Queue.SynchronizedQueue.Dequeue()
   在 MachineFill.FillForm.timer2_Tick(Object sender, EventArgs e) 位置 D:\文件管理\SoftProjects\vs2010\Projects\快速发药机程序\BuYao\MachineFill\FillForm.cs:行号 138
[2018-02-26 12:08:50] System.InvalidOperationException: 队列为空。
   在 System.Collections.Queue.Dequeue()
   在 System.Collections.Queue.SynchronizedQueue.Dequeue()
   在 MachineFill.FillForm.timer2_Tick(Object sender, EventArgs e) 位置 D:\文件管理\SoftProjects\vs2010\Projects\快速发药机程序\BuYao\MachineFill\FillForm.cs:行号 138
[2018-02-26 12:08:51] System.InvalidOperationException: 队列为空。
   在 System.Collections.Queue.Dequeue()
   在 System.Collections.Queue.SynchronizedQueue.Dequeue()
   在 MachineFill.FillForm.timer2_Tick(Object sender, EventArgs e) 位置 D:\文件管理\SoftProjects\vs2010\Projects\快速发药机程序\BuYao\MachineFill\FillForm.cs:行号 138
[2018-02-26 12:08:51] System.InvalidOperationException: 队列为空。
   在 System.Collections.Queue.Dequeue()
   在 System.Collections.Queue.SynchronizedQueue.Dequeue()
   在 MachineFill.FillForm.timer2_Tick(Object sender, EventArgs e) 位置 D:\文件管理\SoftProjects\vs2010\Projects\快速发药机程序\BuYao\MachineFill\FillForm.cs:行号 138
[2018-02-26 12:08:52] System.InvalidOperationException: 队列为空。
   在 System.Collections.Queue.Dequeue()
   在 System.Collections.Queue.SynchronizedQueue.Dequeue()
   在 MachineFill.FillForm.timer2_Tick(Object sender, EventArgs e) 位置 D:\文件管理\SoftProjects\vs2010\Projects\快速发药机程序\BuYao\MachineFill\FillForm.cs:行号 138
[2018-02-26 12:08:52] System.InvalidOperationException: 队列为空。
   在 System.Collections.Queue.Dequeue()
   在 System.Collections.Queue.SynchronizedQueue.Dequeue()
   在 MachineFill.FillForm.timer2_Tick(Object sender, EventArgs e) 位置 D:\文件管理\SoftProjects\vs2010\Projects\快速发药机程序\BuYao\MachineFill\FillForm.cs:行号 138
[2018-02-26 12:08:53] System.InvalidOperationException: 队列为空。
   在 System.Collections.Queue.Dequeue()
   在 System.Collections.Queue.SynchronizedQueue.Dequeue()
   在 MachineFill.FillForm.timer2_Tick(Object sender, EventArgs e) 位置 D:\文件管理\SoftProjects\vs2010\Projects\快速发药机程序\BuYao\MachineFill\FillForm.cs:行号 138
[2018-02-26 12:08:53] System.InvalidOperationException: 队列为空。
   在 System.Collections.Queue.Dequeue()
   在 System.Collections.Queue.SynchronizedQueue.Dequeue()
   在 MachineFill.FillForm.timer2_Tick(Object sender, EventArgs e) 位置 D:\文件管理\SoftProjects\vs2010\Projects\快速发药机程序\BuYao\MachineFill\FillForm.cs:行号 138
[2018-02-26 12:08:54] System.InvalidOperationException: 队列为空。
   在 System.Collections.Queue.Dequeue()
   在 System.Collections.Queue.SynchronizedQueue.Dequeue()
   在 MachineFill.FillForm.timer2_Tick(Object sender, EventArgs e) 位置 D:\文件管理\SoftProjects\vs2010\Projects\快速发药机程序\BuYao\MachineFill\FillForm.cs:行号 138
[2018-02-26 12:08:54] System.InvalidOperationException: 队列为空。
   在 System.Collections.Queue.Dequeue()
   在 System.Collections.Queue.SynchronizedQueue.Dequeue()
   在 MachineFill.FillForm.timer2_Tick(Object sender, EventArgs e) 位置 D:\文件管理\SoftProjects\vs2010\Projects\快速发药机程序\BuYao\MachineFill\FillForm.cs:行号 138
[2018-02-26 12:08:55] System.InvalidOperationException: 队列为空。
   在 System.Collections.Queue.Dequeue()
   在 System.Collections.Queue.SynchronizedQueue.Dequeue()
   在 MachineFill.FillForm.timer2_Tick(Object sender, EventArgs e) 位置 D:\文件管理\SoftProjects\vs2010\Projects\快速发药机程序\BuYao\MachineFill\FillForm.cs:行号 138
[2018-02-26 12:08:55] System.InvalidOperationException: 队列为空。
   在 System.Collections.Queue.Dequeue()
   在 System.Collections.Queue.SynchronizedQueue.Dequeue()
   在 MachineFill.FillForm.timer2_Tick(Object sender, EventArgs e) 位置 D:\文件管理\SoftProjects\vs2010\Projects\快速发药机程序\BuYao\MachineFill\FillForm.cs:行号 138
[2018-02-26 12:08:56] System.InvalidOperationException: 队列为空。
   在 System.Collections.Queue.Dequeue()
   在 System.Collections.Queue.SynchronizedQueue.Dequeue()
   在 MachineFill.FillForm.timer2_Tick(Object sender, EventArgs e) 位置 D:\文件管理\SoftProjects\vs2010\Projects\快速发药机程序\BuYao\MachineFill\FillForm.cs:行号 138
[2018-02-26 12:08:56] System.InvalidOperationException: 队列为空。
   在 System.Collections.Queue.Dequeue()
   在 System.Collections.Queue.SynchronizedQueue.Dequeue()
   在 MachineFill.FillForm.timer2_Tick(Object sender, EventArgs e) 位置 D:\文件管理\SoftProjects\vs2010\Projects\快速发药机程序\BuYao\MachineFill\FillForm.cs:行号 138
[2018-02-26 12:08:57] System.InvalidOperationException: 队列为空。
   在 System.Collections.Queue.Dequeue()
   在 System.Collections.Queue.SynchronizedQueue.Dequeue()
   在 MachineFill.FillForm.timer2_Tick(Object sender, EventArgs e) 位置 D:\文件管理\SoftProjects\vs2010\Projects\快速发药机程序\BuYao\MachineFill\FillForm.cs:行号 138
[2018-02-26 12:08:57] System.InvalidOperationException: 队列为空。
   在 System.Collections.Queue.Dequeue()
   在 System.Collections.Queue.SynchronizedQueue.Dequeue()
   在 MachineFill.FillForm.timer2_Tick(Object sender, EventArgs e) 位置 D:\文件管理\SoftProjects\vs2010\Projects\快速发药机程序\BuYao\MachineFill\FillForm.cs:行号 138
[2018-02-26 12:08:58] System.InvalidOperationException: 队列为空。
   在 System.Collections.Queue.Dequeue()
   在 System.Collections.Queue.SynchronizedQueue.Dequeue()
   在 MachineFill.FillForm.timer2_Tick(Object sender, EventArgs e) 位置 D:\文件管理\SoftProjects\vs2010\Projects\快速发药机程序\BuYao\MachineFill\FillForm.cs:行号 138
[2018-02-26 12:08:58] System.InvalidOperationException: 队列为空。
   在 System.Collections.Queue.Dequeue()
   在 System.Collections.Queue.SynchronizedQueue.Dequeue()
   在 MachineFill.FillForm.timer2_Tick(Object sender, EventArgs e) 位置 D:\文件管理\SoftProjects\vs2010\Projects\快速发药机程序\BuYao\MachineFill\FillForm.cs:行号 138
[2018-02-26 12:08:59] System.InvalidOperationException: 队列为空。
   在 System.Collections.Queue.Dequeue()
   在 System.Collections.Queue.SynchronizedQueue.Dequeue()
   在 MachineFill.FillForm.timer2_Tick(Object sender, EventArgs e) 位置 D:\文件管理\SoftProjects\vs2010\Projects\快速发药机程序\BuYao\MachineFill\FillForm.cs:行号 138
[2018-02-26 12:08:59] System.InvalidOperationException: 队列为空。
   在 System.Collections.Queue.Dequeue()
   在 System.Collections.Queue.SynchronizedQueue.Dequeue()
   在 MachineFill.FillForm.timer2_Tick(Object sender, EventArgs e) 位置 D:\文件管理\SoftProjects\vs2010\Projects\快速发药机程序\BuYao\MachineFill\FillForm.cs:行号 138
[2018-02-26 12:09:00] System.InvalidOperationException: 队列为空。
   在 System.Collections.Queue.Dequeue()
   在 System.Collections.Queue.SynchronizedQueue.Dequeue()
   在 MachineFill.FillForm.timer2_Tick(Object sender, EventArgs e) 位置 D:\文件管理\SoftProjects\vs2010\Projects\快速发药机程序\BuYao\MachineFill\FillForm.cs:行号 138
[2018-02-26 12:09:00] System.InvalidOperationException: 队列为空。
   在 System.Collections.Queue.Dequeue()
   在 System.Collections.Queue.SynchronizedQueue.Dequeue()
   在 MachineFill.FillForm.timer2_Tick(Object sender, EventArgs e) 位置 D:\文件管理\SoftProjects\vs2010\Projects\快速发药机程序\BuYao\MachineFill\FillForm.cs:行号 138
[2018-02-26 12:09:01] System.InvalidOperationException: 队列为空。
   在 System.Collections.Queue.Dequeue()
   在 System.Collections.Queue.SynchronizedQueue.Dequeue()
   在 MachineFill.FillForm.timer2_Tick(Object sender, EventArgs e) 位置 D:\文件管理\SoftProjects\vs2010\Projects\快速发药机程序\BuYao\MachineFill\FillForm.cs:行号 138
[2018-02-26 12:09:01] System.InvalidOperationException: 队列为空。
   在 System.Collections.Queue.Dequeue()
   在 System.Collections.Queue.SynchronizedQueue.Dequeue()
   在 MachineFill.FillForm.timer2_Tick(Object sender, EventArgs e) 位置 D:\文件管理\SoftProjects\vs2010\Projects\快速发药机程序\BuYao\MachineFill\FillForm.cs:行号 138
[2018-02-26 12:09:02] System.InvalidOperationException: 队列为空。
   在 System.Collections.Queue.Dequeue()
   在 System.Collections.Queue.SynchronizedQueue.Dequeue()
   在 MachineFill.FillForm.timer2_Tick(Object sender, EventArgs e) 位置 D:\文件管理\SoftProjects\vs2010\Projects\快速发药机程序\BuYao\MachineFill\FillForm.cs:行号 138
[2018-02-26 12:09:02] System.InvalidOperationException: 队列为空。
   在 System.Collections.Queue.Dequeue()
   在 System.Collections.Queue.SynchronizedQueue.Dequeue()
   在 MachineFill.FillForm.timer2_Tick(Object sender, EventArgs e) 位置 D:\文件管理\SoftProjects\vs2010\Projects\快速发药机程序\BuYao\MachineFill\FillForm.cs:行号 138
[2018-02-26 12:09:03] System.InvalidOperationException: 队列为空。
   在 System.Collections.Queue.Dequeue()
   在 System.Collections.Queue.SynchronizedQueue.Dequeue()
   在 MachineFill.FillForm.timer2_Tick(Object sender, EventArgs e) 位置 D:\文件管理\SoftProjects\vs2010\Projects\快速发药机程序\BuYao\MachineFill\FillForm.cs:行号 138
[2018-02-26 12:09:03] System.InvalidOperationException: 队列为空。
   在 System.Collections.Queue.Dequeue()
   在 System.Collections.Queue.SynchronizedQueue.Dequeue()
   在 MachineFill.FillForm.timer2_Tick(Object sender, EventArgs e) 位置 D:\文件管理\SoftProjects\vs2010\Projects\快速发药机程序\BuYao\MachineFill\FillForm.cs:行号 138
[2018-02-26 12:09:04] System.InvalidOperationException: 队列为空。
   在 System.Collections.Queue.Dequeue()
   在 System.Collections.Queue.SynchronizedQueue.Dequeue()
   在 MachineFill.FillForm.timer2_Tick(Object sender, EventArgs e) 位置 D:\文件管理\SoftProjects\vs2010\Projects\快速发药机程序\BuYao\MachineFill\FillForm.cs:行号 138
[2018-02-26 12:09:04] System.InvalidOperationException: 队列为空。
   在 System.Collections.Queue.Dequeue()
   在 System.Collections.Queue.SynchronizedQueue.Dequeue()
   在 MachineFill.FillForm.timer2_Tick(Object sender, EventArgs e) 位置 D:\文件管理\SoftProjects\vs2010\Projects\快速发药机程序\BuYao\MachineFill\FillForm.cs:行号 138
[2018-02-26 12:09:05] System.InvalidOperationException: 队列为空。
   在 System.Collections.Queue.Dequeue()
   在 System.Collections.Queue.SynchronizedQueue.Dequeue()
   在 MachineFill.FillForm.timer2_Tick(Object sender, EventArgs e) 位置 D:\文件管理\SoftProjects\vs2010\Projects\快速发药机程序\BuYao\MachineFill\FillForm.cs:行号 138
[2018-02-26 12:09:05] System.InvalidOperationException: 队列为空。
   在 System.Collections.Queue.Dequeue()
   在 System.Collections.Queue.SynchronizedQueue.Dequeue()
   在 MachineFill.FillForm.timer2_Tick(Object sender, EventArgs e) 位置 D:\文件管理\SoftProjects\vs2010\Projects\快速发药机程序\BuYao\MachineFill\FillForm.cs:行号 138
[2018-02-26 12:09:06] System.InvalidOperationException: 队列为空。
   在 System.Collections.Queue.Dequeue()
   在 System.Collections.Queue.SynchronizedQueue.Dequeue()
   在 MachineFill.FillForm.timer2_Tick(Object sender, EventArgs e) 位置 D:\文件管理\SoftProjects\vs2010\Projects\快速发药机程序\BuYao\MachineFill\FillForm.cs:行号 138
[2018-02-26 12:09:06] System.InvalidOperationException: 队列为空。
   在 System.Collections.Queue.Dequeue()
   在 System.Collections.Queue.SynchronizedQueue.Dequeue()
   在 MachineFill.FillForm.timer2_Tick(Object sender, EventArgs e) 位置 D:\文件管理\SoftProjects\vs2010\Projects\快速发药机程序\BuYao\MachineFill\FillForm.cs:行号 138
[2018-02-26 12:09:07] System.InvalidOperationException: 队列为空。
   在 System.Collections.Queue.Dequeue()
   在 System.Collections.Queue.SynchronizedQueue.Dequeue()
   在 MachineFill.FillForm.timer2_Tick(Object sender, EventArgs e) 位置 D:\文件管理\SoftProjects\vs2010\Projects\快速发药机程序\BuYao\MachineFill\FillForm.cs:行号 138
[2018-02-26 12:09:07] System.InvalidOperationException: 队列为空。
   在 System.Collections.Queue.Dequeue()
   在 System.Collections.Queue.SynchronizedQueue.Dequeue()
   在 MachineFill.FillForm.timer2_Tick(Object sender, EventArgs e) 位置 D:\文件管理\SoftProjects\vs2010\Projects\快速发药机程序\BuYao\MachineFill\FillForm.cs:行号 138
[2018-02-26 12:09:07] 指令发送失败，错误代码：System.Net.Sockets.SocketException: 由于套接字没有连接并且(当使用一个 sendto 调用发送数据报套接字时)没有提供地址，发送或接收数据的请求没有被接受。
   在 System.Net.Sockets.Socket.Send(Byte[] buffer, Int32 offset, Int32 size, SocketFlags socketFlags)
   在 System.Net.Sockets.Socket.Send(Byte[] buffer)
   在 MachineFill.MachineFill.sendMsg(String msg) 位置 D:\文件管理\SoftProjects\vs2010\Projects\快速发药机程序\BuYao\MachineFill\MachineFill.cs:行号 1347
[2018-02-26 12:09:51] 开始盘点：0
[2018-02-26 12:09:51] 指令发送失败，错误代码：System.Net.Sockets.SocketException: 由于套接字没有连接并且(当使用一个 sendto 调用发送数据报套接字时)没有提供地址，发送或接收数据的请求没有被接受。
   在 System.Net.Sockets.Socket.Send(Byte[] buffer, Int32 offset, Int32 size, SocketFlags socketFlags)
   在 System.Net.Sockets.Socket.Send(Byte[] buffer)
   在 MachineFill.MachineFill.sendMsg(String msg) 位置 D:\文件管理\SoftProjects\vs2010\Projects\快速发药机程序\BuYao\MachineFill\MachineFill.cs:行号 1347
