[2017-12-08 11:44:59] 用户登录：0001
[2017-12-08 11:45:00] 登录成功
[2017-12-08 11:45:00] 登录页--->主页面
[2017-12-08 11:45:52] 用户登录：0001
[2017-12-08 11:45:53] 登录成功
[2017-12-08 11:45:53] 登录页--->主页面
[2017-12-08 11:48:17] 用户登录：0001
[2017-12-08 11:48:17] 登录成功
[2017-12-08 11:48:17] 登录页--->主页面
[2017-12-08 11:48:32] 开始盘点：0
[2017-12-08 11:48:32] 指令发送失败，错误代码：System.Net.Sockets.SocketException: 由于套接字没有连接并且(当使用一个 sendto 调用发送数据报套接字时)没有提供地址，发送或接收数据的请求没有被接受。
   在 System.Net.Sockets.Socket.Send(Byte[] buffer, Int32 offset, Int32 size, SocketFlags socketFlags)
   在 System.Net.Sockets.Socket.Send(Byte[] buffer)
   在 MachineFill.MachineFill.sendMsg(String msg) 位置 D:\文件管理\SoftProjects\vs2010\Projects\快速发药机程序\BuYao\MachineFill\MachineFill.cs:行号 1181
[2017-12-08 11:50:04] 用户登录：0001
[2017-12-08 11:50:04] 登录成功
[2017-12-08 11:50:04] 登录页--->主页面
[2017-12-08 11:52:12] 用户登录：0001
[2017-12-08 11:52:12] 登录成功
[2017-12-08 11:52:12] 登录页--->主页面
[2017-12-08 11:54:46] 用户登录：0001
[2017-12-08 11:54:46] 登录成功
[2017-12-08 11:54:46] 登录页--->主页面
[2017-12-08 12:13:42] 用户登录：0001
[2017-12-08 12:13:42] 登录成功
[2017-12-08 12:13:42] 登录页--->主页面
[2017-12-08 12:18:25] 用户登录：0001
[2017-12-08 12:18:25] 登录成功
[2017-12-08 12:18:25] 登录页--->主页面
[2017-12-08 12:18:35] 用户登录：0001
[2017-12-08 12:18:35] 登录成功
[2017-12-08 12:18:35] 登录页--->主页面
[2017-12-08 12:21:32] 用户登录：0001
[2017-12-08 12:21:32] 登录成功
[2017-12-08 12:21:32] 登录页--->主页面
[2017-12-08 12:22:43] 开始盘点：0
[2017-12-08 12:22:43] 指令发送失败，错误代码：System.Net.Sockets.SocketException: 由于套接字没有连接并且(当使用一个 sendto 调用发送数据报套接字时)没有提供地址，发送或接收数据的请求没有被接受。
   在 System.Net.Sockets.Socket.Send(Byte[] buffer, Int32 offset, Int32 size, SocketFlags socketFlags)
   在 System.Net.Sockets.Socket.Send(Byte[] buffer)
   在 MachineFill.MachineFill.sendMsg(String msg) 位置 D:\文件管理\SoftProjects\vs2010\Projects\快速发药机程序\BuYao\MachineFill\MachineFill.cs:行号 1181
[2017-12-08 13:17:45] 用户登录：0001
[2017-12-08 13:17:46] 登录成功
[2017-12-08 13:17:46] 登录页--->主页面
[2017-12-08 13:26:56] 用户登录：0001
[2017-12-08 13:26:57] 登录成功
[2017-12-08 13:26:57] 登录页--->主页面
[2017-12-08 13:31:33] 用户登录：0001
[2017-12-08 13:31:33] 登录成功
[2017-12-08 13:31:33] 登录页--->主页面
[2017-12-08 16:21:08] 用户登录：0001
[2017-12-08 16:21:09] 登录成功
[2017-12-08 16:21:09] 登录页--->主页面
[2017-12-08 16:24:47] 用户登录：0001
[2017-12-08 16:24:48] 登录成功
[2017-12-08 16:24:48] 登录页--->主页面
[2017-12-08 16:30:56] 用户登录：0001
[2017-12-08 16:30:56] 登录成功
[2017-12-08 16:30:56] 登录页--->主页面
[2017-12-08 16:31:55] 用户登录：0001
[2017-12-08 16:31:56] 登录成功
[2017-12-08 16:31:56] 登录页--->主页面
[2017-12-08 16:34:07] 用户登录：0001
[2017-12-08 16:34:08] 登录成功
[2017-12-08 16:34:08] 登录页--->主页面
[2017-12-08 16:35:03] 用户登录：0001
[2017-12-08 16:35:04] 登录成功
[2017-12-08 16:35:04] 登录页--->主页面
[2017-12-08 16:41:59] 用户登录：0001
[2017-12-08 16:41:59] 登录成功
[2017-12-08 16:41:59] 登录页--->主页面
