[2017-12-09 09:42:45] 用户登录：0001
[2017-12-09 09:42:46] 登录成功
[2017-12-09 09:42:46] 登录页--->主页面
[2017-12-09 09:42:53] 开始盘点：0
[2017-12-09 09:42:54] 指令发送失败，错误代码：System.Net.Sockets.SocketException: 由于套接字没有连接并且(当使用一个 sendto 调用发送数据报套接字时)没有提供地址，发送或接收数据的请求没有被接受。
   在 System.Net.Sockets.Socket.Send(Byte[] buffer, Int32 offset, Int32 size, SocketFlags socketFlags)
   在 System.Net.Sockets.Socket.Send(Byte[] buffer)
   在 MachineFill.MachineFill.sendMsg(String msg) 位置 D:\文件管理\SoftProjects\vs2010\Projects\快速发药机程序\BuYao\MachineFill\MachineFill.cs:行号 1217
[2017-12-09 10:16:37] 用户登录：0001
[2017-12-09 10:16:39] 登录成功
[2017-12-09 10:16:39] 登录页--->主页面
[2017-12-09 10:36:38] 用户登录：0001
[2017-12-09 10:36:38] 登录成功
[2017-12-09 10:36:38] 登录页--->主页面
[2017-12-09 10:47:45] 用户登录：0001
[2017-12-09 10:47:46] 登录成功
[2017-12-09 10:47:46] 登录页--->主页面
[2017-12-09 10:59:51] 用户登录：0001
[2017-12-09 10:59:52] 登录成功
[2017-12-09 10:59:52] 登录页--->主页面
[2017-12-09 11:02:17] 用户登录：0001
[2017-12-09 11:02:17] 登录成功
[2017-12-09 11:02:17] 登录页--->主页面
[2017-12-09 11:18:37] 用户登录：0001
[2017-12-09 11:18:37] 登录成功
[2017-12-09 11:18:37] 登录页--->主页面
[2017-12-09 11:27:58] 用户登录：0001
[2017-12-09 11:27:58] 登录成功
[2017-12-09 11:27:58] 登录页--->主页面
[2017-12-09 11:30:20] 用户登录：0001
[2017-12-09 11:30:21] 登录成功
[2017-12-09 11:30:21] 登录页--->主页面
[2017-12-09 11:32:09] 用户登录：0001
[2017-12-09 11:32:09] 登录成功
[2017-12-09 11:32:09] 登录页--->主页面
[2017-12-09 11:44:49] 用户登录：0001
[2017-12-09 11:44:49] 登录成功
[2017-12-09 11:44:49] 登录页--->主页面
[2017-12-09 11:50:01] 用户登录：0001
[2017-12-09 11:50:01] 登录成功
[2017-12-09 11:50:01] 登录页--->主页面
[2017-12-09 11:50:58] 用户登录：0001
[2017-12-09 11:50:59] 登录成功
[2017-12-09 11:50:59] 登录页--->主页面
[2017-12-09 11:51:34] 用户登录：0001
[2017-12-09 11:51:34] 登录成功
[2017-12-09 11:51:34] 登录页--->主页面
[2017-12-09 11:53:24] 用户登录：0001
[2017-12-09 11:53:24] 登录成功
[2017-12-09 11:53:24] 登录页--->主页面
[2017-12-09 11:54:49] 用户登录：0001
[2017-12-09 11:54:49] 登录成功
[2017-12-09 11:54:49] 登录页--->主页面
[2017-12-09 11:55:50] 用户登录：0001
[2017-12-09 11:55:51] 登录成功
[2017-12-09 11:55:51] 登录页--->主页面
[2017-12-09 11:59:29] 用户登录：0001
[2017-12-09 11:59:30] 登录成功
[2017-12-09 11:59:30] 登录页--->主页面
[2017-12-09 12:00:40] 用户登录：0001
[2017-12-09 12:00:41] 登录成功
[2017-12-09 12:00:41] 登录页--->主页面
[2017-12-09 12:03:45] 用户登录：0001
[2017-12-09 12:03:46] 登录成功
[2017-12-09 12:03:46] 登录页--->主页面
[2017-12-09 12:08:22] 用户登录：0001
[2017-12-09 12:08:23] 登录成功
[2017-12-09 12:08:23] 登录页--->主页面
[2017-12-09 12:12:38] 用户登录：0001
[2017-12-09 12:12:38] 登录成功
[2017-12-09 12:12:38] 登录页--->主页面
[2017-12-09 12:14:29] 用户登录：0001
[2017-12-09 12:14:29] 登录成功
[2017-12-09 12:14:29] 登录页--->主页面
[2017-12-09 12:16:40] 用户登录：0001
[2017-12-09 12:16:41] 登录成功
[2017-12-09 12:16:41] 登录页--->主页面
[2017-12-09 12:17:38] 用户登录：0001
[2017-12-09 12:17:38] 登录成功
[2017-12-09 12:17:38] 登录页--->主页面
[2017-12-09 12:18:02] 用户登录：0001
[2017-12-09 12:18:03] 登录成功
[2017-12-09 12:18:03] 登录页--->主页面
[2017-12-09 12:19:20] 用户登录：0001
[2017-12-09 12:19:20] 登录成功
[2017-12-09 12:19:20] 登录页--->主页面
[2017-12-09 12:20:55] 用户登录：0001
[2017-12-09 12:20:55] 登录成功
[2017-12-09 12:20:55] 登录页--->主页面
[2017-12-09 16:55:15] 用户登录：0001
[2017-12-09 16:55:16] 登录成功
[2017-12-09 16:55:16] 登录页--->主页面
