
2017-11-07 10:39:06  >>>>>>>>>>>>>>>>>>>>系统开始初始化<<<<<<<<<<<<<<<<<<<<
2017-11-07 10:39:06  ※开启出药端口：7211
2017-11-07 10:39:06  ※开启补药端口：7210
2017-11-07 10:39:06  ※开启状态监控端口：7015
2017-11-07 10:39:06  7015端口开启成功
2017-11-07 10:39:06  服务已启动 端口号7210
2017-11-07 10:39:06  服务已启动 端口号7211
2017-11-07 10:39:06  ※连接MODBUS......
2017-11-07 10:39:06  ※MODBUS连接成功
2017-11-07 10:39:06  ※设备底层硬件开始进行初始化……
2017-11-07 10:39:06  >>>>>>>>>>>>>>>>>>>>系统初始化完毕<<<<<<<<<<<<<<<<<<<<
2017-11-07 10:39:17  客户端连接进入，客户端IP地址：192.168.100.16
2017-11-07 10:39:18  收到指令：$LJ9tlns0L3QHM+9srMqC7w==*
2017-11-07 10:39:18  接收到初始化查询2：
2017-11-07 10:41:05  >>>>>>>>>>>>>>>>>>>>系统开始初始化<<<<<<<<<<<<<<<<<<<<
2017-11-07 10:41:05  ※开启出药端口：7211
2017-11-07 10:41:05  ※开启补药端口：7210
2017-11-07 10:41:05  ※开启状态监控端口：7015
2017-11-07 10:41:05  7015端口开启成功
2017-11-07 10:41:05  服务已启动 端口号7211
2017-11-07 10:41:05  服务已启动 端口号7210
2017-11-07 10:41:05  ※连接MODBUS......
2017-11-07 10:41:06  ※MODBUS连接成功
2017-11-07 10:41:06  ※设备底层硬件开始进行初始化……
2017-11-07 10:41:06  >>>>>>>>>>>>>>>>>>>>系统初始化完毕<<<<<<<<<<<<<<<<<<<<
2017-11-07 10:41:11  客户端连接进入，客户端IP地址：192.168.100.16
2017-11-07 10:41:12  收到指令：$LJ9tlns0L3QHM+9srMqC7w==*
2017-11-07 10:41:12  接收到初始化查询2：
2017-11-07 10:44:34  >>>>>>>>>>>>>>>>>>>>系统开始初始化<<<<<<<<<<<<<<<<<<<<
2017-11-07 10:44:34  ※开启出药端口：7211
2017-11-07 10:44:34  ※开启补药端口：7210
2017-11-07 10:44:34  ※开启状态监控端口：7015
2017-11-07 10:44:34  7015端口开启成功
2017-11-07 10:44:34  服务已启动 端口号7210
2017-11-07 10:44:34  服务已启动 端口号7211
2017-11-07 10:44:34  ※连接MODBUS......
2017-11-07 10:44:34  ※MODBUS连接成功
2017-11-07 10:44:34  ※设备底层硬件开始进行初始化……
2017-11-07 10:44:34  >>>>>>>>>>>>>>>>>>>>系统初始化完毕<<<<<<<<<<<<<<<<<<<<
2017-11-07 10:44:43  客户端连接进入，客户端IP地址：192.168.100.16
2017-11-07 10:44:44  收到指令：$LJ9tlns0L3QHM+9srMqC7w==*
2017-11-07 10:44:45  接收到初始化查询2：
2017-11-07 10:46:16  >>>>>>>>>>>>>>>>>>>>系统开始初始化<<<<<<<<<<<<<<<<<<<<
2017-11-07 10:46:17  ※开启出药端口：7211
2017-11-07 10:46:17  ※开启补药端口：7210
2017-11-07 10:46:17  ※开启状态监控端口：7015
2017-11-07 10:46:17  7015端口开启成功
2017-11-07 10:46:17  服务已启动 端口号7210
2017-11-07 10:46:17  服务已启动 端口号7211
2017-11-07 10:46:17  ※连接MODBUS......
2017-11-07 10:46:17  ※MODBUS连接成功
2017-11-07 10:46:17  ※设备底层硬件开始进行初始化……
2017-11-07 10:46:17  >>>>>>>>>>>>>>>>>>>>系统初始化完毕<<<<<<<<<<<<<<<<<<<<
2017-11-07 10:46:26  客户端连接进入，客户端IP地址：192.168.100.16
2017-11-07 10:46:27  收到指令：$LJ9tlns0L3QHM+9srMqC7w==*
2017-11-07 10:46:27  接收到初始化查询2：
2017-11-07 10:50:21  >>>>>>>>>>>>>>>>>>>>系统开始初始化<<<<<<<<<<<<<<<<<<<<
2017-11-07 10:50:21  ※开启出药端口：7211
2017-11-07 10:50:21  ※开启补药端口：7210
2017-11-07 10:50:21  ※开启状态监控端口：7015
2017-11-07 10:50:21  7015端口开启成功
2017-11-07 10:50:21  服务已启动 端口号7211
2017-11-07 10:50:21  服务已启动 端口号7210
2017-11-07 10:50:21  ※连接MODBUS......
2017-11-07 10:50:21  ※MODBUS连接成功
2017-11-07 10:50:21  ※设备底层硬件开始进行初始化……
2017-11-07 10:50:21  >>>>>>>>>>>>>>>>>>>>系统初始化完毕<<<<<<<<<<<<<<<<<<<<
2017-11-07 10:50:31  客户端连接进入，客户端IP地址：192.168.100.16
2017-11-07 10:50:31  收到指令：$LJ9tlns0L3QHM+9srMqC7w==*
2017-11-07 10:50:32  接收到初始化查询2：
2017-11-07 10:52:22  >>>>>>>>>>>>>>>>>>>>系统开始初始化<<<<<<<<<<<<<<<<<<<<
2017-11-07 10:52:22  ※开启出药端口：7211
2017-11-07 10:52:22  ※开启补药端口：7210
2017-11-07 10:52:22  ※开启状态监控端口：7015
2017-11-07 10:52:22  7015端口开启成功
2017-11-07 10:52:22  服务已启动 端口号7211
2017-11-07 10:52:22  服务已启动 端口号7210
2017-11-07 10:52:22  ※连接MODBUS......
2017-11-07 10:52:22  ※MODBUS连接成功
2017-11-07 10:52:22  ※设备底层硬件开始进行初始化……
2017-11-07 10:52:22  >>>>>>>>>>>>>>>>>>>>系统初始化完毕<<<<<<<<<<<<<<<<<<<<
2017-11-07 10:52:28  客户端连接进入，客户端IP地址：192.168.100.16
2017-11-07 10:52:29  收到指令：$LJ9tlns0L3QHM+9srMqC7w==*
2017-11-07 10:52:29  接收到初始化查询2：
2017-11-07 11:11:41  >>>>>>>>>>>>>>>>>>>>系统开始初始化<<<<<<<<<<<<<<<<<<<<
2017-11-07 11:11:41  ※开启出药端口：7211
2017-11-07 11:11:41  ※开启补药端口：7210
2017-11-07 11:11:41  ※开启状态监控端口：7015
2017-11-07 11:11:41  7015端口开启成功
2017-11-07 11:11:41  服务已启动 端口号7211
2017-11-07 11:11:41  服务已启动 端口号7210
2017-11-07 11:11:41  ※连接MODBUS......
2017-11-07 11:11:41  ※MODBUS连接成功
2017-11-07 11:11:41  ※设备底层硬件开始进行初始化……
2017-11-07 11:11:41  >>>>>>>>>>>>>>>>>>>>系统初始化完毕<<<<<<<<<<<<<<<<<<<<
2017-11-07 11:11:49  客户端连接进入，客户端IP地址：192.168.100.16
2017-11-07 11:11:50  收到指令：$LJ9tlns0L3QHM+9srMqC7w==*
2017-11-07 11:11:51  接收到初始化查询2：
2017-11-07 11:14:43  >>>>>>>>>>>>>>>>>>>>系统开始初始化<<<<<<<<<<<<<<<<<<<<
2017-11-07 11:14:43  ※开启出药端口：7211
2017-11-07 11:14:43  ※开启补药端口：7210
2017-11-07 11:14:43  ※开启状态监控端口：7015
2017-11-07 11:14:43  7015端口开启成功
2017-11-07 11:14:43  服务已启动 端口号7211
2017-11-07 11:14:43  服务已启动 端口号7210
2017-11-07 11:14:43  ※连接MODBUS......
2017-11-07 11:14:43  ※MODBUS连接成功
2017-11-07 11:14:43  ※设备底层硬件开始进行初始化……
2017-11-07 11:14:43  >>>>>>>>>>>>>>>>>>>>系统初始化完毕<<<<<<<<<<<<<<<<<<<<
2017-11-07 11:16:27  客户端连接进入，客户端IP地址：192.168.100.16
2017-11-07 11:16:27  收到指令：$LJ9tlns0L3QHM+9srMqC7w==*
2017-11-07 11:16:28  接收到初始化查询2：
2017-11-07 11:18:13  >>>>>>>>>>>>>>>>>>>>系统开始初始化<<<<<<<<<<<<<<<<<<<<
2017-11-07 11:18:13  ※开启出药端口：7211
2017-11-07 11:18:13  ※开启补药端口：7210
2017-11-07 11:18:13  ※开启状态监控端口：7015
2017-11-07 11:18:13  7015端口开启成功
2017-11-07 11:18:13  服务已启动 端口号7211
2017-11-07 11:18:13  服务已启动 端口号7210
2017-11-07 11:18:13  ※连接MODBUS......
2017-11-07 11:18:13  ※MODBUS连接成功
2017-11-07 11:18:13  ※设备底层硬件开始进行初始化……
2017-11-07 11:18:13  >>>>>>>>>>>>>>>>>>>>系统初始化完毕<<<<<<<<<<<<<<<<<<<<
2017-11-07 11:18:18  客户端连接进入，客户端IP地址：192.168.100.16
2017-11-07 11:18:19  收到指令：$LJ9tlns0L3QHM+9srMqC7w==*
2017-11-07 11:18:19  接收到初始化查询2：
2017-11-07 11:31:23  >>>>>>>>>>>>>>>>>>>>系统开始初始化<<<<<<<<<<<<<<<<<<<<
2017-11-07 11:31:24  ※开启出药端口：7211
2017-11-07 11:31:24  ※开启补药端口：7210
2017-11-07 11:31:24  ※开启状态监控端口：7015
2017-11-07 11:31:24  7015端口开启成功
2017-11-07 11:31:24  服务已启动 端口号7211
2017-11-07 11:31:24  服务已启动 端口号7210
2017-11-07 11:31:24  ※连接MODBUS......
2017-11-07 11:31:24  ※MODBUS连接成功
2017-11-07 11:31:24  ※设备底层硬件开始进行初始化……
2017-11-07 11:31:24  >>>>>>>>>>>>>>>>>>>>系统初始化完毕<<<<<<<<<<<<<<<<<<<<
2017-11-07 11:32:20  客户端连接进入，客户端IP地址：192.168.100.16
2017-11-07 11:32:21  收到指令：$LJ9tlns0L3QHM+9srMqC7w==*
2017-11-07 11:32:21  接收到初始化查询2：
2017-11-07 11:42:06  >>>>>>>>>>>>>>>>>>>>系统开始初始化<<<<<<<<<<<<<<<<<<<<
2017-11-07 11:42:06  ※开启出药端口：7211
2017-11-07 11:42:06  ※开启补药端口：7210
2017-11-07 11:42:06  ※开启状态监控端口：7015
2017-11-07 11:42:06  7015端口开启成功
2017-11-07 11:42:06  服务已启动 端口号7211
2017-11-07 11:42:06  服务已启动 端口号7210
2017-11-07 11:42:06  ※连接MODBUS......
2017-11-07 11:42:06  ※MODBUS连接成功
2017-11-07 11:42:06  ※设备底层硬件开始进行初始化……
2017-11-07 11:42:06  >>>>>>>>>>>>>>>>>>>>系统初始化完毕<<<<<<<<<<<<<<<<<<<<
2017-11-07 11:42:13  客户端连接进入，客户端IP地址：192.168.100.16
2017-11-07 11:42:14  收到指令：$LJ9tlns0L3QHM+9srMqC7w==*
2017-11-07 11:42:14  接收到初始化查询2：
2017-11-07 11:42:48  >>>>>>>>>>>>>>>>>>>>系统开始初始化<<<<<<<<<<<<<<<<<<<<
2017-11-07 11:42:48  ※开启出药端口：7211
2017-11-07 11:42:48  ※开启补药端口：7210
2017-11-07 11:42:48  ※开启状态监控端口：7015
2017-11-07 11:42:48  7015端口开启成功
2017-11-07 11:42:48  服务已启动 端口号7211
2017-11-07 11:42:48  服务已启动 端口号7210
2017-11-07 11:42:48  ※连接MODBUS......
2017-11-07 11:42:48  ※MODBUS连接成功
2017-11-07 11:42:48  ※设备底层硬件开始进行初始化……
2017-11-07 11:42:48  >>>>>>>>>>>>>>>>>>>>系统初始化完毕<<<<<<<<<<<<<<<<<<<<
2017-11-07 11:42:54  客户端连接进入，客户端IP地址：192.168.100.16
2017-11-07 11:42:54  收到指令：$LJ9tlns0L3QHM+9srMqC7w==*
2017-11-07 11:42:55  接收到初始化查询2：
2017-11-07 12:41:10  >>>>>>>>>>>>>>>>>>>>系统开始初始化<<<<<<<<<<<<<<<<<<<<
2017-11-07 12:41:10  ※开启出药端口：7211
2017-11-07 12:41:10  ※开启补药端口：7210
2017-11-07 12:41:10  ※开启状态监控端口：7015
2017-11-07 12:41:10  7015端口开启成功
2017-11-07 12:41:10  服务已启动 端口号7210
2017-11-07 12:41:10  服务已启动 端口号7211
2017-11-07 12:41:10  ※连接MODBUS......
2017-11-07 12:41:10  ※MODBUS连接成功
2017-11-07 12:41:10  ※设备底层硬件开始进行初始化……
2017-11-07 12:41:10  >>>>>>>>>>>>>>>>>>>>系统初始化完毕<<<<<<<<<<<<<<<<<<<<
2017-11-07 12:41:17  客户端连接进入，客户端IP地址：192.168.100.16
2017-11-07 12:41:17  收到指令：$LJ9tlns0L3QHM+9srMqC7w==*
2017-11-07 12:41:18  接收到初始化查询2：
2017-11-07 12:42:53  >>>>>>>>>>>>>>>>>>>>系统开始初始化<<<<<<<<<<<<<<<<<<<<
2017-11-07 12:42:53  ※开启出药端口：7211
2017-11-07 12:42:53  ※开启补药端口：7210
2017-11-07 12:42:53  ※开启状态监控端口：7015
2017-11-07 12:42:54  7015端口开启成功
2017-11-07 12:42:54  服务已启动 端口号7211
2017-11-07 12:42:54  服务已启动 端口号7210
2017-11-07 12:42:54  ※连接MODBUS......
2017-11-07 12:42:54  ※MODBUS连接成功
2017-11-07 12:42:54  ※设备底层硬件开始进行初始化……
2017-11-07 12:42:54  >>>>>>>>>>>>>>>>>>>>系统初始化完毕<<<<<<<<<<<<<<<<<<<<
2017-11-07 12:43:03  客户端连接进入，客户端IP地址：192.168.100.16
2017-11-07 12:43:04  收到指令：$LJ9tlns0L3QHM+9srMqC7w==*
2017-11-07 12:43:04  接收到初始化查询2：
2017-11-07 12:43:39  >>>>>>>>>>>>>>>>>>>>系统开始初始化<<<<<<<<<<<<<<<<<<<<
2017-11-07 12:43:39  ※开启出药端口：7211
2017-11-07 12:43:39  ※开启补药端口：7210
2017-11-07 12:43:39  ※开启状态监控端口：7015
2017-11-07 12:43:39  7015端口开启成功
2017-11-07 12:43:39  服务已启动 端口号7211
2017-11-07 12:43:39  服务已启动 端口号7210
2017-11-07 12:43:39  ※连接MODBUS......
2017-11-07 12:43:39  ※MODBUS连接成功
2017-11-07 12:43:39  ※设备底层硬件开始进行初始化……
2017-11-07 12:43:39  >>>>>>>>>>>>>>>>>>>>系统初始化完毕<<<<<<<<<<<<<<<<<<<<
2017-11-07 12:44:26  客户端连接进入，客户端IP地址：192.168.100.16
2017-11-07 12:44:27  收到指令：$LJ9tlns0L3QHM+9srMqC7w==*
2017-11-07 12:44:28  接收到初始化查询2：
2017-11-07 12:46:13  >>>>>>>>>>>>>>>>>>>>系统开始初始化<<<<<<<<<<<<<<<<<<<<
2017-11-07 12:46:13  ※开启出药端口：7211
2017-11-07 12:46:13  ※开启补药端口：7210
2017-11-07 12:46:13  ※开启状态监控端口：7015
2017-11-07 12:46:13  7015端口开启成功
2017-11-07 12:46:13  服务已启动 端口号7210
2017-11-07 12:46:13  服务已启动 端口号7211
2017-11-07 12:46:13  ※连接MODBUS......
2017-11-07 12:46:13  ※MODBUS连接成功
2017-11-07 12:46:13  ※设备底层硬件开始进行初始化……
2017-11-07 12:46:13  >>>>>>>>>>>>>>>>>>>>系统初始化完毕<<<<<<<<<<<<<<<<<<<<
2017-11-07 12:46:18  客户端连接进入，客户端IP地址：192.168.100.16
2017-11-07 12:46:19  收到指令：$LJ9tlns0L3QHM+9srMqC7w==*
2017-11-07 12:46:19  接收到初始化查询2：
2017-11-07 12:54:13  >>>>>>>>>>>>>>>>>>>>系统开始初始化<<<<<<<<<<<<<<<<<<<<
2017-11-07 12:54:14  ※开启出药端口：7211
2017-11-07 12:54:14  ※开启补药端口：7210
2017-11-07 12:54:14  ※开启状态监控端口：7015
2017-11-07 12:54:14  7015端口开启成功
2017-11-07 12:54:14  服务已启动 端口号7211
2017-11-07 12:54:14  服务已启动 端口号7210
2017-11-07 12:54:14  ※连接MODBUS......
2017-11-07 12:54:35  PLC通讯异常，稍候重新执行
2017-11-07 12:55:31  >>>>>>>>>>>>>>>>>>>>系统开始初始化<<<<<<<<<<<<<<<<<<<<
2017-11-07 12:55:31  ※开启出药端口：7211
2017-11-07 12:55:31  ※开启补药端口：7210
2017-11-07 12:55:31  ※开启状态监控端口：7015
2017-11-07 12:55:31  7015端口开启成功
2017-11-07 12:55:31  服务已启动 端口号7211
2017-11-07 12:55:31  服务已启动 端口号7210
2017-11-07 12:55:31  ※连接MODBUS......
2017-11-07 12:55:32  ※MODBUS连接成功
2017-11-07 12:55:32  ※设备底层硬件开始进行初始化……
2017-11-07 12:55:32  >>>>>>>>>>>>>>>>>>>>系统初始化完毕<<<<<<<<<<<<<<<<<<<<
2017-11-07 12:55:38  客户端连接进入，客户端IP地址：192.168.100.16
2017-11-07 12:55:38  收到指令：$LJ9tlns0L3QHM+9srMqC7w==*
2017-11-07 12:55:39  接收到初始化查询2：
2017-11-07 13:18:35  >>>>>>>>>>>>>>>>>>>>系统开始初始化<<<<<<<<<<<<<<<<<<<<
2017-11-07 13:18:35  ※开启出药端口：7211
2017-11-07 13:18:35  ※开启补药端口：7210
2017-11-07 13:18:35  ※开启状态监控端口：7015
2017-11-07 13:18:35  7015端口开启成功
2017-11-07 13:18:35  服务已启动 端口号7211
2017-11-07 13:18:35  服务已启动 端口号7210
2017-11-07 13:18:35  ※连接MODBUS......
2017-11-07 13:18:35  ※MODBUS连接成功
2017-11-07 13:18:35  ※设备底层硬件开始进行初始化……
2017-11-07 13:18:35  >>>>>>>>>>>>>>>>>>>>系统初始化完毕<<<<<<<<<<<<<<<<<<<<
2017-11-07 13:23:19  >>>>>>>>>>>>>>>>>>>>系统开始初始化<<<<<<<<<<<<<<<<<<<<
2017-11-07 13:23:19  ※开启出药端口：7211
2017-11-07 13:23:19  ※开启补药端口：7210
2017-11-07 13:23:19  ※开启状态监控端口：7015
2017-11-07 13:23:19  ※连接MODBUS......
2017-11-07 13:23:19  ※MODBUS连接成功
2017-11-07 13:23:19  ※设备底层硬件开始进行初始化……
2017-11-07 13:23:19  >>>>>>>>>>>>>>>>>>>>系统初始化完毕<<<<<<<<<<<<<<<<<<<<
2017-11-07 13:23:44  >>>>>>>>>>>>>>>>>>>>系统开始初始化<<<<<<<<<<<<<<<<<<<<
2017-11-07 13:23:44  ※开启出药端口：7211
2017-11-07 13:23:44  ※开启补药端口：7210
2017-11-07 13:23:44  ※开启状态监控端口：7015
2017-11-07 13:23:44  ※连接MODBUS......
2017-11-07 13:23:44  ※MODBUS连接成功
2017-11-07 13:23:44  ※设备底层硬件开始进行初始化……
2017-11-07 13:23:44  >>>>>>>>>>>>>>>>>>>>系统初始化完毕<<<<<<<<<<<<<<<<<<<<
2017-11-07 13:24:44  >>>>>>>>>>>>>>>>>>>>系统开始初始化<<<<<<<<<<<<<<<<<<<<
2017-11-07 13:24:44  ※开启出药端口：7211
2017-11-07 13:24:44  ※开启补药端口：7210
2017-11-07 13:24:44  ※开启状态监控端口：7015
2017-11-07 13:24:44  ※连接MODBUS......
2017-11-07 13:24:44  ※MODBUS连接成功
2017-11-07 13:24:44  ※设备底层硬件开始进行初始化……
2017-11-07 13:24:44  >>>>>>>>>>>>>>>>>>>>系统初始化完毕<<<<<<<<<<<<<<<<<<<<
2017-11-07 13:28:00  >>>>>>>>>>>>>>>>>>>>系统开始初始化<<<<<<<<<<<<<<<<<<<<
2017-11-07 13:28:00  ※开启出药端口：7211
2017-11-07 13:28:00  ※开启补药端口：7210
2017-11-07 13:28:00  ※开启状态监控端口：7015
2017-11-07 13:28:00  ※连接MODBUS......
2017-11-07 13:28:00  ※MODBUS连接成功
2017-11-07 13:28:00  ※设备底层硬件开始进行初始化……
2017-11-07 13:28:00  >>>>>>>>>>>>>>>>>>>>系统初始化完毕<<<<<<<<<<<<<<<<<<<<
2017-11-07 13:30:48  >>>>>>>>>>>>>>>>>>>>系统开始初始化<<<<<<<<<<<<<<<<<<<<
2017-11-07 13:30:49  ※开启出药端口：7211
2017-11-07 13:30:49  ※开启补药端口：7210
2017-11-07 13:30:49  ※开启状态监控端口：7015
2017-11-07 13:30:49  7015端口开启成功
2017-11-07 13:30:49  服务已启动 端口号7210
2017-11-07 13:30:49  服务已启动 端口号7211
2017-11-07 13:30:49  ※连接MODBUS......
2017-11-07 13:30:49  ※MODBUS连接成功
2017-11-07 13:30:49  ※设备底层硬件开始进行初始化……
2017-11-07 13:30:49  >>>>>>>>>>>>>>>>>>>>系统初始化完毕<<<<<<<<<<<<<<<<<<<<
2017-11-07 13:31:06  客户端连接进入，客户端IP地址：192.168.100.16
2017-11-07 13:31:07  收到指令：$LJ9tlns0L3QHM+9srMqC7w==*
2017-11-07 13:31:07  接收到初始化查询2：
2017-11-07 13:31:45  >>>>>>>>>>>>>>>>>>>>系统开始初始化<<<<<<<<<<<<<<<<<<<<
2017-11-07 13:31:45  ※开启出药端口：7211
2017-11-07 13:31:45  ※开启补药端口：7210
2017-11-07 13:31:45  ※开启状态监控端口：7015
2017-11-07 13:31:46  7015端口开启成功
2017-11-07 13:31:46  服务已启动 端口号7211
2017-11-07 13:31:46  服务已启动 端口号7210
2017-11-07 13:31:46  ※连接MODBUS......
2017-11-07 13:31:46  ※MODBUS连接成功
2017-11-07 13:31:46  ※设备底层硬件开始进行初始化……
2017-11-07 13:31:46  >>>>>>>>>>>>>>>>>>>>系统初始化完毕<<<<<<<<<<<<<<<<<<<<
2017-11-07 13:35:29  >>>>>>>>>>>>>>>>>>>>系统开始初始化<<<<<<<<<<<<<<<<<<<<
2017-11-07 13:35:29  ※开启出药端口：7211
2017-11-07 13:35:29  ※开启补药端口：7210
2017-11-07 13:35:29  ※开启状态监控端口：7015
2017-11-07 13:35:29  ※连接MODBUS......
2017-11-07 13:35:29  ※MODBUS连接成功
2017-11-07 13:35:29  ※设备底层硬件开始进行初始化……
2017-11-07 13:35:29  >>>>>>>>>>>>>>>>>>>>系统初始化完毕<<<<<<<<<<<<<<<<<<<<
2017-11-07 13:35:55  >>>>>>>>>>>>>>>>>>>>系统开始初始化<<<<<<<<<<<<<<<<<<<<
2017-11-07 13:35:55  ※开启出药端口：7211
2017-11-07 13:35:55  ※开启补药端口：7210
2017-11-07 13:35:55  ※开启状态监控端口：7015
2017-11-07 13:35:55  ※连接MODBUS......
2017-11-07 13:35:55  ※MODBUS连接成功
2017-11-07 13:35:55  ※设备底层硬件开始进行初始化……
2017-11-07 13:35:55  >>>>>>>>>>>>>>>>>>>>系统初始化完毕<<<<<<<<<<<<<<<<<<<<
2017-11-07 13:38:13  >>>>>>>>>>>>>>>>>>>>系统开始初始化<<<<<<<<<<<<<<<<<<<<
2017-11-07 13:38:13  ※开启出药端口：7211
2017-11-07 13:38:13  ※开启补药端口：7210
2017-11-07 13:38:13  ※开启状态监控端口：7015
2017-11-07 13:38:13  7015端口开启成功
2017-11-07 13:38:13  服务已启动 端口号7210
2017-11-07 13:38:13  服务已启动 端口号7211
2017-11-07 13:38:13  ※连接MODBUS......
2017-11-07 13:38:13  ※MODBUS连接成功
2017-11-07 13:38:13  ※设备底层硬件开始进行初始化……
2017-11-07 13:38:13  >>>>>>>>>>>>>>>>>>>>系统初始化完毕<<<<<<<<<<<<<<<<<<<<
2017-11-07 13:38:26  客户端连接进入，客户端IP地址：192.168.100.16
2017-11-07 13:38:26  收到指令：$LJ9tlns0L3QHM+9srMqC7w==*
2017-11-07 13:38:27  接收到初始化查询2：
2017-11-07 13:49:47  >>>>>>>>>>>>>>>>>>>>系统开始初始化<<<<<<<<<<<<<<<<<<<<
2017-11-07 13:49:47  ※开启出药端口：7211
2017-11-07 13:49:47  ※开启补药端口：7210
2017-11-07 13:49:47  ※开启状态监控端口：7015
2017-11-07 13:49:47  7015端口开启成功
2017-11-07 13:49:47  服务已启动 端口号7211
2017-11-07 13:49:47  服务已启动 端口号7210
2017-11-07 13:49:47  ※连接MODBUS......
2017-11-07 13:49:48  ※MODBUS连接成功
2017-11-07 13:49:48  ※设备底层硬件开始进行初始化……
2017-11-07 13:49:48  >>>>>>>>>>>>>>>>>>>>系统初始化完毕<<<<<<<<<<<<<<<<<<<<
2017-11-07 13:50:02  客户端连接进入，客户端IP地址：192.168.100.16
2017-11-07 13:50:03  收到指令：$LJ9tlns0L3QHM+9srMqC7w==*
2017-11-07 13:50:03  接收到初始化查询2：
2017-11-07 13:53:17  >>>>>>>>>>>>>>>>>>>>系统开始初始化<<<<<<<<<<<<<<<<<<<<
2017-11-07 13:53:17  ※开启出药端口：7211
2017-11-07 13:53:17  ※开启补药端口：7210
2017-11-07 13:53:17  ※开启状态监控端口：7015
2017-11-07 13:53:17  7015端口开启成功
2017-11-07 13:53:17  服务已启动 端口号7211
2017-11-07 13:53:17  服务已启动 端口号7210
2017-11-07 13:53:17  ※连接MODBUS......
2017-11-07 13:53:18  ※MODBUS连接成功
2017-11-07 13:53:18  ※设备底层硬件开始进行初始化……
2017-11-07 13:53:18  >>>>>>>>>>>>>>>>>>>>系统初始化完毕<<<<<<<<<<<<<<<<<<<<
2017-11-07 13:53:43  客户端连接进入，客户端IP地址：192.168.100.16
2017-11-07 13:53:44  收到指令：$LJ9tlns0L3QHM+9srMqC7w==*
2017-11-07 13:53:45  接收到初始化查询2：
2017-11-07 13:54:45  >>>>>>>>>>>>>>>>>>>>系统开始初始化<<<<<<<<<<<<<<<<<<<<
2017-11-07 13:54:45  ※开启出药端口：7211
2017-11-07 13:54:45  ※开启补药端口：7210
2017-11-07 13:54:45  ※开启状态监控端口：7015
2017-11-07 13:54:45  7015端口开启成功
2017-11-07 13:54:45  服务已启动 端口号7210
2017-11-07 13:54:45  ※连接MODBUS......
2017-11-07 13:54:45  服务已启动 端口号7211
2017-11-07 13:54:45  ※MODBUS连接成功
2017-11-07 13:54:45  ※设备底层硬件开始进行初始化……
2017-11-07 13:54:45  >>>>>>>>>>>>>>>>>>>>系统初始化完毕<<<<<<<<<<<<<<<<<<<<
2017-11-07 13:54:50  客户端连接进入，客户端IP地址：192.168.100.16
2017-11-07 13:54:51  收到指令：$LJ9tlns0L3QHM+9srMqC7w==*
2017-11-07 13:54:51  接收到初始化查询2：
2017-11-07 13:57:01  >>>>>>>>>>>>>>>>>>>>系统开始初始化<<<<<<<<<<<<<<<<<<<<
2017-11-07 13:57:01  ※开启出药端口：7211
2017-11-07 13:57:01  ※开启补药端口：7210
2017-11-07 13:57:01  ※开启状态监控端口：7015
2017-11-07 13:57:01  7015端口开启成功
2017-11-07 13:57:01  ※连接MODBUS......
2017-11-07 13:57:01  服务已启动 端口号7211
2017-11-07 13:57:01  服务已启动 端口号7210
2017-11-07 13:57:01  ※MODBUS连接成功
2017-11-07 13:57:01  ※设备底层硬件开始进行初始化……
2017-11-07 13:57:01  >>>>>>>>>>>>>>>>>>>>系统初始化完毕<<<<<<<<<<<<<<<<<<<<
2017-11-07 13:57:12  客户端连接进入，客户端IP地址：192.168.100.16
2017-11-07 13:57:12  收到指令：$LJ9tlns0L3QHM+9srMqC7w==*
2017-11-07 13:57:13  接收到初始化查询2：
2017-11-07 13:59:06  >>>>>>>>>>>>>>>>>>>>系统开始初始化<<<<<<<<<<<<<<<<<<<<
2017-11-07 13:59:06  ※开启出药端口：7211
2017-11-07 13:59:06  ※开启补药端口：7210
2017-11-07 13:59:06  ※开启状态监控端口：7015
2017-11-07 13:59:06  7015端口开启成功
2017-11-07 13:59:06  服务已启动 端口号7211
2017-11-07 13:59:06  服务已启动 端口号7210
2017-11-07 13:59:06  ※连接MODBUS......
2017-11-07 13:59:06  ※MODBUS连接成功
2017-11-07 13:59:06  ※设备底层硬件开始进行初始化……
2017-11-07 13:59:06  >>>>>>>>>>>>>>>>>>>>系统初始化完毕<<<<<<<<<<<<<<<<<<<<
2017-11-07 13:59:14  客户端连接进入，客户端IP地址：192.168.100.16
2017-11-07 13:59:15  收到指令：$LJ9tlns0L3QHM+9srMqC7w==*
2017-11-07 13:59:16  接收到初始化查询2：
2017-11-07 14:01:18  >>>>>>>>>>>>>>>>>>>>系统开始初始化<<<<<<<<<<<<<<<<<<<<
2017-11-07 14:01:18  ※开启出药端口：7211
2017-11-07 14:01:18  ※开启补药端口：7210
2017-11-07 14:01:18  ※开启状态监控端口：7015
2017-11-07 14:01:18  7015端口开启成功
2017-11-07 14:01:18  服务已启动 端口号7210
2017-11-07 14:01:18  服务已启动 端口号7211
2017-11-07 14:01:18  ※连接MODBUS......
2017-11-07 14:01:18  ※MODBUS连接成功
2017-11-07 14:01:18  ※设备底层硬件开始进行初始化……
2017-11-07 14:01:18  >>>>>>>>>>>>>>>>>>>>系统初始化完毕<<<<<<<<<<<<<<<<<<<<
2017-11-07 14:01:23  客户端连接进入，客户端IP地址：192.168.100.16
2017-11-07 14:01:24  收到指令：$LJ9tlns0L3QHM+9srMqC7w==*
2017-11-07 14:01:24  接收到初始化查询2：
2017-11-07 14:02:26  >>>>>>>>>>>>>>>>>>>>系统开始初始化<<<<<<<<<<<<<<<<<<<<
2017-11-07 14:02:26  ※开启出药端口：7211
2017-11-07 14:02:26  ※开启补药端口：7210
2017-11-07 14:02:26  ※开启状态监控端口：7015
2017-11-07 14:02:26  7015端口开启成功
2017-11-07 14:02:26  服务已启动 端口号7210
2017-11-07 14:02:26  服务已启动 端口号7211
2017-11-07 14:02:26  ※连接MODBUS......
2017-11-07 14:02:26  ※MODBUS连接成功
2017-11-07 14:02:26  ※设备底层硬件开始进行初始化……
2017-11-07 14:02:26  >>>>>>>>>>>>>>>>>>>>系统初始化完毕<<<<<<<<<<<<<<<<<<<<
2017-11-07 14:02:36  客户端连接进入，客户端IP地址：192.168.100.16
2017-11-07 14:02:37  收到指令：$LJ9tlns0L3QHM+9srMqC7w==*
2017-11-07 14:02:38  接收到初始化查询2：
2017-11-07 14:08:17  >>>>>>>>>>>>>>>>>>>>系统开始初始化<<<<<<<<<<<<<<<<<<<<
2017-11-07 14:08:17  ※开启出药端口：7211
2017-11-07 14:08:17  ※开启补药端口：7210
2017-11-07 14:08:17  ※开启状态监控端口：7015
2017-11-07 14:08:17  7015端口开启成功
2017-11-07 14:08:17  服务已启动 端口号7211
2017-11-07 14:08:17  服务已启动 端口号7210
2017-11-07 14:08:17  ※连接MODBUS......
2017-11-07 14:08:17  ※MODBUS连接成功
2017-11-07 14:08:17  ※设备底层硬件开始进行初始化……
2017-11-07 14:08:17  >>>>>>>>>>>>>>>>>>>>系统初始化完毕<<<<<<<<<<<<<<<<<<<<
2017-11-07 14:08:26  客户端连接进入，客户端IP地址：192.168.100.16
2017-11-07 14:08:26  收到指令：$LJ9tlns0L3QHM+9srMqC7w==*
2017-11-07 14:08:27  接收到初始化查询2：
2017-11-07 14:38:47  >>>>>>>>>>>>>>>>>>>>系统开始初始化<<<<<<<<<<<<<<<<<<<<
2017-11-07 14:38:47  ※开启出药端口：7211
2017-11-07 14:38:47  ※开启补药端口：7210
2017-11-07 14:38:47  ※开启状态监控端口：7015
2017-11-07 14:38:47  7015端口开启成功
2017-11-07 14:38:47  服务已启动 端口号7210
2017-11-07 14:38:47  服务已启动 端口号7211
2017-11-07 14:38:47  ※连接MODBUS......
2017-11-07 14:38:47  ※MODBUS连接成功
2017-11-07 14:38:47  ※设备底层硬件开始进行初始化……
2017-11-07 14:38:47  >>>>>>>>>>>>>>>>>>>>系统初始化完毕<<<<<<<<<<<<<<<<<<<<
2017-11-07 14:38:59  客户端连接进入，客户端IP地址：192.168.100.16
2017-11-07 14:39:00  收到指令：$LJ9tlns0L3QHM+9srMqC7w==*
2017-11-07 14:39:01  接收到初始化查询2：
2017-11-07 14:42:39  >>>>>>>>>>>>>>>>>>>>系统开始初始化<<<<<<<<<<<<<<<<<<<<
2017-11-07 14:42:40  ※开启出药端口：7211
2017-11-07 14:42:40  ※开启补药端口：7210
2017-11-07 14:42:40  ※开启状态监控端口：7015
2017-11-07 14:42:40  7015端口开启成功
2017-11-07 14:42:40  服务已启动 端口号7211
2017-11-07 14:42:40  ※连接MODBUS......
2017-11-07 14:42:40  服务已启动 端口号7210
2017-11-07 14:42:40  ※MODBUS连接成功
2017-11-07 14:42:40  ※设备底层硬件开始进行初始化……
2017-11-07 14:42:40  >>>>>>>>>>>>>>>>>>>>系统初始化完毕<<<<<<<<<<<<<<<<<<<<
2017-11-07 14:42:47  客户端连接进入，客户端IP地址：192.168.100.16
2017-11-07 14:42:48  收到指令：$LJ9tlns0L3QHM+9srMqC7w==*
2017-11-07 14:42:48  接收到初始化查询2：
2017-11-07 14:44:18  >>>>>>>>>>>>>>>>>>>>系统开始初始化<<<<<<<<<<<<<<<<<<<<
2017-11-07 14:44:18  ※开启出药端口：7211
2017-11-07 14:44:18  ※开启补药端口：7210
2017-11-07 14:44:18  ※开启状态监控端口：7015
2017-11-07 14:44:18  7015端口开启成功
2017-11-07 14:44:18  服务已启动 端口号7211
2017-11-07 14:44:18  服务已启动 端口号7210
2017-11-07 14:44:18  ※连接MODBUS......
2017-11-07 14:44:18  ※MODBUS连接成功
2017-11-07 14:44:18  ※设备底层硬件开始进行初始化……
2017-11-07 14:44:18  >>>>>>>>>>>>>>>>>>>>系统初始化完毕<<<<<<<<<<<<<<<<<<<<
2017-11-07 14:44:23  客户端连接进入，客户端IP地址：192.168.100.16
2017-11-07 14:44:23  收到指令：$LJ9tlns0L3QHM+9srMqC7w==*
2017-11-07 14:44:24  接收到初始化查询2：
2017-11-07 14:47:57  >>>>>>>>>>>>>>>>>>>>系统开始初始化<<<<<<<<<<<<<<<<<<<<
2017-11-07 14:47:58  ※开启出药端口：7211
2017-11-07 14:47:58  ※开启补药端口：7210
2017-11-07 14:47:58  ※开启状态监控端口：7015
2017-11-07 14:47:58  服务已启动 端口号7211
2017-11-07 14:47:58  服务已启动 端口号7210
2017-11-07 14:47:58  7015端口开启成功
2017-11-07 14:47:58  ※连接MODBUS......
2017-11-07 14:47:58  ※MODBUS连接成功
2017-11-07 14:47:58  ※设备底层硬件开始进行初始化……
2017-11-07 14:47:58  >>>>>>>>>>>>>>>>>>>>系统初始化完毕<<<<<<<<<<<<<<<<<<<<
2017-11-07 14:48:07  客户端连接进入，客户端IP地址：192.168.100.16
2017-11-07 14:48:07  收到指令：$LJ9tlns0L3QHM+9srMqC7w==*
2017-11-07 14:48:08  接收到初始化查询2：
2017-11-07 15:19:56  >>>>>>>>>>>>>>>>>>>>系统开始初始化<<<<<<<<<<<<<<<<<<<<
2017-11-07 15:19:57  ※开启出药端口：7211
2017-11-07 15:19:57  ※开启补药端口：7210
2017-11-07 15:19:57  ※开启状态监控端口：7015
2017-11-07 15:19:57  7015端口开启成功
2017-11-07 15:19:57  服务已启动 端口号7210
2017-11-07 15:19:57  服务已启动 端口号7211
2017-11-07 15:19:57  ※连接MODBUS......
2017-11-07 15:19:57  ※MODBUS连接成功
2017-11-07 15:19:57  ※设备底层硬件开始进行初始化……
2017-11-07 15:19:57  >>>>>>>>>>>>>>>>>>>>系统初始化完毕<<<<<<<<<<<<<<<<<<<<
2017-11-07 15:31:25  客户端连接进入，客户端IP地址：127.0.0.1
2017-11-07 15:31:35  收到指令：$xOyPjbq9fXozkTRFkRMGpjdNINuVqYqDTW1nte2iUg0vZTudn0xoWNJ62N1TnoNLlVRRR5/IhyjxrDTjWkToSW6cQw4qDlRCy7VKY3FbNPwovRCYvSm5Jd2lze8e5upv*
2017-11-07 15:31:35  PLC通讯异常，稍候重新执行
2017-11-07 15:31:36  >>1--exit
2017-11-07 15:31:46  收到指令：$xOyPjbq9fXozkTRFkRMGpjdNINuVqYqDTW1nte2iUg0vZTudn0xoWNJ62N1TnoNLlVRRR5/IhyjxrDTjWkToSW6cQw4qDlRCy7VKY3FbNPwovRCYvSm5JUM7LHlGYTOo*
2017-11-07 15:31:46  >>1--exit
2017-11-07 15:32:05  收到指令：$xOyPjbq9fXozkTRFkRMGpjdNINuVqYqDTW1nte2iUg0vZTudn0xoWNJ62N1TnoNLlVRRR5/IhyjxrDTjWkToSW6cQw4qDlRCy7VKY3FbNPwovRCYvSm5JYtO8iFErS4W*
2017-11-07 15:32:05  >>1--exit
2017-11-07 15:34:19  收到指令：$KuCUipwr7qQJcZXi5Evoug==*
2017-11-07 15:47:45  >>>>>>>>>>>>>>>>>>>>系统开始初始化<<<<<<<<<<<<<<<<<<<<
2017-11-07 15:47:45  ※开启出药端口：7211
2017-11-07 15:47:45  ※开启补药端口：7210
2017-11-07 15:47:45  ※开启状态监控端口：7015
2017-11-07 15:47:45  ※连接MODBUS......
2017-11-07 15:47:45  ※MODBUS连接成功
2017-11-07 15:47:45  ※设备底层硬件开始进行初始化……
2017-11-07 15:47:45  >>>>>>>>>>>>>>>>>>>>系统初始化完毕<<<<<<<<<<<<<<<<<<<<
2017-11-07 15:55:27  >>>>>>>>>>>>>>>>>>>>系统开始初始化<<<<<<<<<<<<<<<<<<<<
2017-11-07 15:55:27  ※开启出药端口：7211
2017-11-07 15:55:27  ※开启补药端口：7210
2017-11-07 15:55:27  ※开启状态监控端口：7015
2017-11-07 15:55:27  7015端口开启成功
2017-11-07 15:55:27  服务已启动 端口号7211
2017-11-07 15:55:27  服务已启动 端口号7210
2017-11-07 15:55:27  ※连接MODBUS......
2017-11-07 15:55:27  ※MODBUS连接成功
2017-11-07 15:55:27  ※设备底层硬件开始进行初始化……
2017-11-07 15:55:27  >>>>>>>>>>>>>>>>>>>>系统初始化完毕<<<<<<<<<<<<<<<<<<<<
2017-11-07 15:55:38  客户端连接进入，客户端IP地址：192.168.100.16
2017-11-07 15:55:39  收到指令：$LJ9tlns0L3QHM+9srMqC7w==*
2017-11-07 15:55:40  接收到初始化查询2：
2017-11-07 15:57:56  >>>>>>>>>>>>>>>>>>>>系统开始初始化<<<<<<<<<<<<<<<<<<<<
2017-11-07 15:57:56  ※开启出药端口：7211
2017-11-07 15:57:56  ※开启补药端口：7210
2017-11-07 15:57:56  ※开启状态监控端口：7015
2017-11-07 15:57:56  7015端口开启成功
2017-11-07 15:57:56  服务已启动 端口号7211
2017-11-07 15:57:56  服务已启动 端口号7210
2017-11-07 15:57:56  ※连接MODBUS......
2017-11-07 15:57:56  ※MODBUS连接成功
2017-11-07 15:57:56  ※设备底层硬件开始进行初始化……
2017-11-07 15:57:56  >>>>>>>>>>>>>>>>>>>>系统初始化完毕<<<<<<<<<<<<<<<<<<<<
2017-11-07 15:58:03  客户端连接进入，客户端IP地址：192.168.100.16
2017-11-07 15:58:04  收到指令：$LJ9tlns0L3QHM+9srMqC7w==*
2017-11-07 15:58:04  接收到初始化查询2：