
2017-11-14 11:55:52  >>>>>>>>>>>>>>>>>>>>系统开始初始化<<<<<<<<<<<<<<<<<<<<
2017-11-14 11:55:53  ※开启出药端口：7211
2017-11-14 11:55:53  ※开启补药端口：7210
2017-11-14 11:55:53  ※开启状态监控端口：7015
2017-11-14 11:55:53  7015端口开启成功
2017-11-14 11:55:53  服务已启动 端口号7210
2017-11-14 11:55:53  服务已启动 端口号7211
2017-11-14 11:55:53  ※连接MODBUS......
2017-11-14 11:57:52  >>>>>>>>>>>>>>>>>>>>系统开始初始化<<<<<<<<<<<<<<<<<<<<
2017-11-14 11:57:52  ※开启出药端口：7211
2017-11-14 11:57:52  ※开启补药端口：7210
2017-11-14 11:57:52  ※开启状态监控端口：7015
2017-11-14 11:57:52  7015端口开启成功
2017-11-14 11:57:52  服务已启动 端口号7210
2017-11-14 11:57:52  服务已启动 端口号7211
2017-11-14 11:57:52  ※连接MODBUS......
2017-11-14 11:57:52  ※MODBUS连接成功
2017-11-14 11:57:52  ※设备底层硬件开始进行初始化……
2017-11-14 11:57:52  >>>>>>>>>>>>>>>>>>>>系统初始化完毕<<<<<<<<<<<<<<<<<<<<
2017-11-14 11:58:51  客户端连接进入，客户端IP地址：192.168.100.16
2017-11-14 11:58:52  收到指令：$LJ9tlns0L3QHM+9srMqC7w==*
2017-11-14 11:58:53  接收到初始化查询2：
2017-11-14 12:01:09  >>>>>>>>>>>>>>>>>>>>系统开始初始化<<<<<<<<<<<<<<<<<<<<
2017-11-14 12:01:09  ※开启出药端口：7211
2017-11-14 12:01:09  ※开启补药端口：7210
2017-11-14 12:01:09  ※开启状态监控端口：7015
2017-11-14 12:01:09  7015端口开启成功
2017-11-14 12:01:09  服务已启动 端口号7211
2017-11-14 12:01:09  服务已启动 端口号7210
2017-11-14 12:01:09  ※连接MODBUS......
2017-11-14 12:01:09  ※MODBUS连接成功
2017-11-14 12:01:09  ※设备底层硬件开始进行初始化……
2017-11-14 12:01:09  >>>>>>>>>>>>>>>>>>>>系统初始化完毕<<<<<<<<<<<<<<<<<<<<
2017-11-14 12:01:22  客户端连接进入，客户端IP地址：192.168.100.16
2017-11-14 12:01:22  收到指令：$LJ9tlns0L3QHM+9srMqC7w==*
2017-11-14 12:01:23  接收到初始化查询2：
2017-11-14 12:03:01  >>>>>>>>>>>>>>>>>>>>系统开始初始化<<<<<<<<<<<<<<<<<<<<
2017-11-14 12:03:01  ※开启出药端口：7211
2017-11-14 12:03:01  ※开启补药端口：7210
2017-11-14 12:03:01  ※开启状态监控端口：7015
2017-11-14 12:03:01  7015端口开启成功
2017-11-14 12:03:01  服务已启动 端口号7211
2017-11-14 12:03:01  服务已启动 端口号7210
2017-11-14 12:03:01  ※连接MODBUS......
2017-11-14 12:03:01  ※MODBUS连接成功
2017-11-14 12:03:01  ※设备底层硬件开始进行初始化……
2017-11-14 12:03:01  >>>>>>>>>>>>>>>>>>>>系统初始化完毕<<<<<<<<<<<<<<<<<<<<
2017-11-14 12:03:07  客户端连接进入，客户端IP地址：192.168.100.16
2017-11-14 12:03:08  收到指令：$LJ9tlns0L3QHM+9srMqC7w==*
2017-11-14 12:03:09  接收到初始化查询2：
2017-11-14 12:07:58  >>>>>>>>>>>>>>>>>>>>系统开始初始化<<<<<<<<<<<<<<<<<<<<
2017-11-14 12:07:59  ※开启出药端口：7211
2017-11-14 12:07:59  ※开启补药端口：7210
2017-11-14 12:07:59  ※开启状态监控端口：7015
2017-11-14 12:07:59  7015端口开启成功
2017-11-14 12:07:59  服务已启动 端口号7210
2017-11-14 12:07:59  服务已启动 端口号7211
2017-11-14 12:07:59  ※连接MODBUS......
2017-11-14 12:07:59  ※MODBUS连接成功
2017-11-14 12:07:59  ※设备底层硬件开始进行初始化……
2017-11-14 12:07:59  >>>>>>>>>>>>>>>>>>>>系统初始化完毕<<<<<<<<<<<<<<<<<<<<
2017-11-14 12:08:06  客户端连接进入，客户端IP地址：192.168.100.16
2017-11-14 12:08:07  收到指令：$LJ9tlns0L3QHM+9srMqC7w==*
2017-11-14 12:08:08  接收到初始化查询2：
2017-11-14 12:10:17  >>>>>>>>>>>>>>>>>>>>系统开始初始化<<<<<<<<<<<<<<<<<<<<
2017-11-14 12:10:18  ※开启出药端口：7211
2017-11-14 12:10:18  ※开启补药端口：7210
2017-11-14 12:10:18  ※开启状态监控端口：7015
2017-11-14 12:10:18  7015端口开启成功
2017-11-14 12:10:18  服务已启动 端口号7211
2017-11-14 12:10:18  服务已启动 端口号7210
2017-11-14 12:10:18  ※连接MODBUS......
2017-11-14 12:10:18  ※MODBUS连接成功
2017-11-14 12:10:18  ※设备底层硬件开始进行初始化……
2017-11-14 12:10:18  >>>>>>>>>>>>>>>>>>>>系统初始化完毕<<<<<<<<<<<<<<<<<<<<
2017-11-14 12:10:22  客户端连接进入，客户端IP地址：192.168.100.16
2017-11-14 12:10:23  收到指令：$LJ9tlns0L3QHM+9srMqC7w==*
2017-11-14 12:10:23  接收到初始化查询2：
2017-11-14 12:12:45  >>>>>>>>>>>>>>>>>>>>系统开始初始化<<<<<<<<<<<<<<<<<<<<
2017-11-14 12:12:45  ※开启出药端口：7211
2017-11-14 12:12:45  ※开启补药端口：7210
2017-11-14 12:12:45  ※开启状态监控端口：7015
2017-11-14 12:12:45  7015端口开启成功
2017-11-14 12:12:45  服务已启动 端口号7210
2017-11-14 12:12:45  服务已启动 端口号7211
2017-11-14 12:12:45  ※连接MODBUS......
2017-11-14 12:12:45  ※MODBUS连接成功
2017-11-14 12:12:45  ※设备底层硬件开始进行初始化……
2017-11-14 12:12:45  >>>>>>>>>>>>>>>>>>>>系统初始化完毕<<<<<<<<<<<<<<<<<<<<
2017-11-14 12:12:50  客户端连接进入，客户端IP地址：192.168.100.16
2017-11-14 12:12:50  收到指令：$LJ9tlns0L3QHM+9srMqC7w==*
2017-11-14 12:12:51  接收到初始化查询2：
2017-11-14 12:23:10  >>>>>>>>>>>>>>>>>>>>系统开始初始化<<<<<<<<<<<<<<<<<<<<
2017-11-14 12:23:11  ※开启出药端口：7211
2017-11-14 12:23:11  ※开启补药端口：7210
2017-11-14 12:23:11  ※开启状态监控端口：7015
2017-11-14 12:23:11  7015端口开启成功
2017-11-14 12:23:11  服务已启动 端口号7210
2017-11-14 12:23:11  服务已启动 端口号7211
2017-11-14 12:23:11  ※连接MODBUS......
2017-11-14 12:23:11  ※MODBUS连接成功
2017-11-14 12:23:11  ※设备底层硬件开始进行初始化……
2017-11-14 12:23:11  >>>>>>>>>>>>>>>>>>>>系统初始化完毕<<<<<<<<<<<<<<<<<<<<
2017-11-14 12:23:22  客户端连接进入，客户端IP地址：192.168.100.16
2017-11-14 12:23:23  收到指令：$LJ9tlns0L3QHM+9srMqC7w==*
2017-11-14 12:23:23  接收到初始化查询2：
2017-11-14 12:25:23  >>>>>>>>>>>>>>>>>>>>系统开始初始化<<<<<<<<<<<<<<<<<<<<
2017-11-14 12:25:24  ※开启出药端口：7211
2017-11-14 12:25:24  ※开启补药端口：7210
2017-11-14 12:25:24  ※开启状态监控端口：7015
2017-11-14 12:25:24  7015端口开启成功
2017-11-14 12:25:24  服务已启动 端口号7211
2017-11-14 12:25:24  服务已启动 端口号7210
2017-11-14 12:25:24  ※连接MODBUS......
2017-11-14 12:25:24  ※MODBUS连接成功
2017-11-14 12:25:24  ※设备底层硬件开始进行初始化……
2017-11-14 12:25:24  >>>>>>>>>>>>>>>>>>>>系统初始化完毕<<<<<<<<<<<<<<<<<<<<
2017-11-14 12:25:29  客户端连接进入，客户端IP地址：192.168.100.16
2017-11-14 12:25:30  收到指令：$LJ9tlns0L3QHM+9srMqC7w==*
2017-11-14 12:25:31  接收到初始化查询2：
2017-11-14 12:28:35  >>>>>>>>>>>>>>>>>>>>系统开始初始化<<<<<<<<<<<<<<<<<<<<
2017-11-14 12:28:35  ※开启出药端口：7211
2017-11-14 12:28:35  ※开启补药端口：7210
2017-11-14 12:28:35  ※开启状态监控端口：7015
2017-11-14 12:28:35  服务已启动 端口号7211
2017-11-14 12:28:35  7015端口开启成功
2017-11-14 12:28:35  服务已启动 端口号7210
2017-11-14 12:28:35  ※连接MODBUS......
2017-11-14 12:28:35  ※MODBUS连接成功
2017-11-14 12:28:35  ※设备底层硬件开始进行初始化……
2017-11-14 12:28:35  >>>>>>>>>>>>>>>>>>>>系统初始化完毕<<<<<<<<<<<<<<<<<<<<
2017-11-14 12:28:42  客户端连接进入，客户端IP地址：192.168.100.16
2017-11-14 12:28:43  收到指令：$LJ9tlns0L3QHM+9srMqC7w==*
2017-11-14 12:28:43  接收到初始化查询2：
2017-11-14 12:42:01  >>>>>>>>>>>>>>>>>>>>系统开始初始化<<<<<<<<<<<<<<<<<<<<
2017-11-14 12:42:01  ※开启出药端口：7211
2017-11-14 12:42:01  ※开启补药端口：7210
2017-11-14 12:42:01  ※开启状态监控端口：7015
2017-11-14 12:42:01  7015端口开启成功
2017-11-14 12:42:01  服务已启动 端口号7210
2017-11-14 12:42:01  服务已启动 端口号7211
2017-11-14 12:42:01  ※连接MODBUS......
2017-11-14 12:42:01  ※MODBUS连接成功
2017-11-14 12:42:01  ※设备底层硬件开始进行初始化……
2017-11-14 12:42:01  >>>>>>>>>>>>>>>>>>>>系统初始化完毕<<<<<<<<<<<<<<<<<<<<
2017-11-14 12:42:11  客户端连接进入，客户端IP地址：192.168.100.16
2017-11-14 12:42:12  收到指令：$LJ9tlns0L3QHM+9srMqC7w==*
2017-11-14 12:42:12  接收到初始化查询2：
2017-11-14 12:45:56  >>>>>>>>>>>>>>>>>>>>系统开始初始化<<<<<<<<<<<<<<<<<<<<
2017-11-14 12:45:56  ※开启出药端口：7211
2017-11-14 12:45:56  ※开启补药端口：7210
2017-11-14 12:45:56  ※开启状态监控端口：7015
2017-11-14 12:45:56  服务已启动 端口号7211
2017-11-14 12:45:56  服务已启动 端口号7210
2017-11-14 12:45:56  7015端口开启成功
2017-11-14 12:45:56  ※连接MODBUS......
2017-11-14 12:45:56  ※MODBUS连接成功
2017-11-14 12:45:56  ※设备底层硬件开始进行初始化……
2017-11-14 12:45:56  >>>>>>>>>>>>>>>>>>>>系统初始化完毕<<<<<<<<<<<<<<<<<<<<
2017-11-14 12:46:01  客户端连接进入，客户端IP地址：192.168.100.16
2017-11-14 12:46:02  收到指令：$LJ9tlns0L3QHM+9srMqC7w==*
2017-11-14 12:46:03  接收到初始化查询2：
2017-11-14 13:18:08  >>>>>>>>>>>>>>>>>>>>系统开始初始化<<<<<<<<<<<<<<<<<<<<
2017-11-14 13:18:08  ※开启出药端口：7211
2017-11-14 13:18:08  ※开启补药端口：7210
2017-11-14 13:18:08  ※开启状态监控端口：7015
2017-11-14 13:18:09  7015端口开启成功
2017-11-14 13:18:09  服务已启动 端口号7211
2017-11-14 13:18:09  服务已启动 端口号7210
2017-11-14 13:18:09  ※连接MODBUS......
2017-11-14 13:18:09  ※MODBUS连接成功
2017-11-14 13:18:09  ※设备底层硬件开始进行初始化……
2017-11-14 13:18:09  >>>>>>>>>>>>>>>>>>>>系统初始化完毕<<<<<<<<<<<<<<<<<<<<
2017-11-14 13:18:13  客户端连接进入，客户端IP地址：192.168.100.16
2017-11-14 13:18:15  收到指令：$LJ9tlns0L3QHM+9srMqC7w==*
2017-11-14 13:18:16  接收到初始化查询2：
2017-11-14 13:43:32  >>>>>>>>>>>>>>>>>>>>系统开始初始化<<<<<<<<<<<<<<<<<<<<
2017-11-14 13:43:32  ※开启出药端口：7211
2017-11-14 13:43:32  ※开启补药端口：7210
2017-11-14 13:43:32  ※开启状态监控端口：7015
2017-11-14 13:43:32  7015端口开启成功
2017-11-14 13:43:32  服务已启动 端口号7210
2017-11-14 13:43:32  ※连接MODBUS......
2017-11-14 13:43:32  服务已启动 端口号7211
2017-11-14 13:43:32  ※MODBUS连接成功
2017-11-14 13:43:32  ※设备底层硬件开始进行初始化……
2017-11-14 13:43:32  >>>>>>>>>>>>>>>>>>>>系统初始化完毕<<<<<<<<<<<<<<<<<<<<
2017-11-14 13:43:36  客户端连接进入，客户端IP地址：192.168.100.16
2017-11-14 13:43:37  收到指令：$LJ9tlns0L3QHM+9srMqC7w==*
2017-11-14 13:43:38  接收到初始化查询2：
2017-11-14 15:39:06  >>>>>>>>>>>>>>>>>>>>系统开始初始化<<<<<<<<<<<<<<<<<<<<
2017-11-14 15:39:06  ※开启出药端口：7211
2017-11-14 15:39:06  ※开启补药端口：7210
2017-11-14 15:39:06  ※开启状态监控端口：7015
2017-11-14 15:39:06  7015端口开启成功
2017-11-14 15:39:06  服务已启动 端口号7210
2017-11-14 15:39:06  服务已启动 端口号7211
2017-11-14 15:39:06  ※连接MODBUS......
2017-11-14 15:39:07  PLC通讯异常，稍候重新执行
2017-11-14 15:39:09  PLC通讯异常，稍候重新执行
2017-11-14 15:39:10  PLC通讯异常，稍候重新执行
2017-11-14 15:39:12  PLC通讯异常，稍候重新执行
2017-11-14 15:39:13  PLC通讯异常，稍候重新执行
2017-11-14 15:39:15  PLC通讯异常，稍候重新执行
2017-11-14 15:39:16  PLC通讯异常，稍候重新执行
2017-11-14 15:39:18  PLC通讯异常，稍候重新执行
2017-11-14 15:39:19  PLC通讯异常，稍候重新执行
2017-11-14 15:39:51  >>>>>>>>>>>>>>>>>>>>系统开始初始化<<<<<<<<<<<<<<<<<<<<
2017-11-14 15:39:51  ※开启出药端口：7211
2017-11-14 15:39:51  ※开启补药端口：7210
2017-11-14 15:39:51  ※开启状态监控端口：7015
2017-11-14 15:39:51  7015端口开启成功
2017-11-14 15:39:51  服务已启动 端口号7211
2017-11-14 15:39:51  服务已启动 端口号7210
2017-11-14 15:39:51  ※连接MODBUS......
2017-11-14 15:39:52  PLC通讯异常，稍候重新执行
2017-11-14 15:39:53  PLC通讯异常，稍候重新执行
2017-11-14 15:40:23  >>>>>>>>>>>>>>>>>>>>系统开始初始化<<<<<<<<<<<<<<<<<<<<
2017-11-14 15:40:23  ※开启出药端口：7211
2017-11-14 15:40:23  ※开启补药端口：7210
2017-11-14 15:40:23  ※开启状态监控端口：7015
2017-11-14 15:40:23  7015端口开启成功
2017-11-14 15:40:23  服务已启动 端口号7211
2017-11-14 15:40:23  服务已启动 端口号7210
2017-11-14 15:40:23  ※连接MODBUS......
2017-11-14 15:40:23  ※MODBUS连接成功
2017-11-14 15:40:23  ※设备底层硬件开始进行初始化……
2017-11-14 15:40:23  >>>>>>>>>>>>>>>>>>>>系统初始化完毕<<<<<<<<<<<<<<<<<<<<
2017-11-14 15:40:38  客户端连接进入，客户端IP地址：192.168.100.16
2017-11-14 15:40:39  收到指令：$LJ9tlns0L3QHM+9srMqC7w==*
2017-11-14 15:40:39  接收到初始化查询2：
2017-11-14 15:43:20  >>>>>>>>>>>>>>>>>>>>系统开始初始化<<<<<<<<<<<<<<<<<<<<
2017-11-14 15:43:20  ※开启出药端口：7211
2017-11-14 15:43:20  ※开启补药端口：7210
2017-11-14 15:43:20  ※开启状态监控端口：7015
2017-11-14 15:43:20  7015端口开启成功
2017-11-14 15:43:20  服务已启动 端口号7211
2017-11-14 15:43:20  服务已启动 端口号7210
2017-11-14 15:43:20  ※连接MODBUS......
2017-11-14 15:43:20  ※MODBUS连接成功
2017-11-14 15:43:20  ※设备底层硬件开始进行初始化……
2017-11-14 15:43:20  >>>>>>>>>>>>>>>>>>>>系统初始化完毕<<<<<<<<<<<<<<<<<<<<
2017-11-14 15:43:29  客户端连接进入，客户端IP地址：192.168.100.16
2017-11-14 15:43:30  收到指令：$LJ9tlns0L3QHM+9srMqC7w==*
2017-11-14 15:43:31  接收到初始化查询2：