
2017-11-17 12:59:13  >>>>>>>>>>>>>>>>>>>>系统开始初始化<<<<<<<<<<<<<<<<<<<<
2017-11-17 12:59:13  ※开启出药端口：7211
2017-11-17 12:59:13  ※开启补药端口：7210
2017-11-17 12:59:13  ※开启状态监控端口：7015
2017-11-17 12:59:13  7015端口开启成功
2017-11-17 12:59:13  服务已启动 端口号7210
2017-11-17 12:59:13  服务已启动 端口号7211
2017-11-17 12:59:13  ※连接MODBUS......
2017-11-17 13:00:45  >>>>>>>>>>>>>>>>>>>>系统开始初始化<<<<<<<<<<<<<<<<<<<<
2017-11-17 13:00:45  ※开启出药端口：7211
2017-11-17 13:00:45  ※开启补药端口：7210
2017-11-17 13:00:45  ※开启状态监控端口：7015
2017-11-17 13:00:45  7015端口开启成功
2017-11-17 13:00:45  服务已启动 端口号7210
2017-11-17 13:00:46  服务已启动 端口号7211
2017-11-17 13:00:46  ※连接MODBUS......
2017-11-17 13:00:46  ※MODBUS连接成功
2017-11-17 13:00:46  ※设备底层硬件开始进行初始化……
2017-11-17 13:00:46  >>>>>>>>>>>>>>>>>>>>系统初始化完毕<<<<<<<<<<<<<<<<<<<<
2017-11-17 13:00:53  客户端连接进入，客户端IP地址：127.0.0.1
2017-11-17 13:01:13  收到指令：$xOyPjbq9fXozkTRFkRMGpjdNINuVqYqDTW1nte2iUg0vZTudn0xoWNJ62N1TnoNLlVRRR5/IhyjxrDTjWkToSW6cQw4qDlRCy7VKY3FbNPwovRCYvSm5JY/SRG1ge3Pj*
2017-11-17 13:01:21  收到指令：$wTVrd+bL4T6yPJqRqeuNqw==*
2017-11-17 13:01:22  复位完成